{
  service: 'shared-wealth-api',
  version: '0.0.0',
  environment: 'development',
  method: 'POST',
  url: '/signin',
  statusCode: 400,
  duration: '5ms',
  userAgent: 'curl/8.7.1',
  ip: '::1',
  userId: undefined,
  userRole: undefined,
  level: 'error',
  message: 'API Request Error',
  timestamp: '2025-09-25 13:44:09'
}
{
  service: 'shared-wealth-api',
  version: '0.0.0',
  environment: 'development',
  method: 'POST',
  url: '/signin',
  statusCode: 401,
  duration: '516ms',
  userAgent: 'Mozilla/5.0 (Macintosh; Intel Mac OS X 10_15_7) AppleWebKit/537.36 (KHTML, like Gecko) Chrome/140.0.0.0 Safari/537.36',
  ip: '::1',
  userId: undefined,
  userRole: undefined,
  level: 'error',
  message: 'API Request Error',
  timestamp: '2025-09-25 13:44:29'
}
{
  service: 'shared-wealth-api',
  version: '0.0.0',
  environment: 'development',
  method: 'GET',
  url: '/admin/check/ed77270f-9ac7-42d5-a820-3771d836e527',
  statusCode: 403,
  duration: '21ms',
  userAgent: 'Mozilla/5.0 (Macintosh; Intel Mac OS X 10_15_7) AppleWebKit/537.36 (KHTML, like Gecko) Chrome/140.0.0.0 Safari/537.36',
  ip: '::1',
  userId: 'ed77270f-9ac7-42d5-a820-3771d836e527',
  userRole: 'director',
  level: 'error',
  message: 'API Request Error',
  timestamp: '2025-09-25 13:44:39'
}
{
  service: 'shared-wealth-api',
  version: '0.0.0',
  environment: 'development',
  method: 'GET',
  url: '/content/events',
  statusCode: 403,
  duration: '2ms',
  userAgent: 'Mozilla/5.0 (Macintosh; Intel Mac OS X 10_15_7) AppleWebKit/537.36 (KHTML, like Gecko) Chrome/140.0.0.0 Safari/537.36',
  ip: '::1',
  userId: 'ed77270f-9ac7-42d5-a820-3771d836e527',
  userRole: 'director',
  level: 'error',
  message: 'API Request Error',
  timestamp: '2025-09-25 13:44:57'
}
{
  service: 'shared-wealth-api',
  version: '0.0.0',
  environment: 'development',
  method: 'GET',
  url: '/content/events',
  statusCode: 403,
  duration: '12ms',
  userAgent: 'Mozilla/5.0 (Macintosh; Intel Mac OS X 10_15_7) AppleWebKit/537.36 (KHTML, like Gecko) Chrome/140.0.0.0 Safari/537.36',
  ip: '::1',
  userId: 'ed77270f-9ac7-42d5-a820-3771d836e527',
  userRole: 'director',
  level: 'error',
  message: 'API Request Error',
  timestamp: '2025-09-25 14:22:13'
}
{
  service: 'shared-wealth-api',
  version: '0.0.0',
  environment: 'development',
  method: 'POST',
  url: '/signin',
  statusCode: 401,
  duration: '341ms',
  userAgent: 'Mozilla/5.0 (Macintosh; Intel Mac OS X 10_15_7) AppleWebKit/537.36 (KHTML, like Gecko) Chrome/140.0.0.0 Safari/537.36',
  ip: '::1',
  userId: undefined,
  userRole: undefined,
  level: 'error',
  message: 'API Request Error',
  timestamp: '2025-09-26 21:34:11'
}
{
  service: 'shared-wealth-api',
  version: '0.0.0',
  environment: 'development',
  method: 'POST',
  url: '/signin',
  statusCode: 401,
  duration: '28ms',
  userAgent: 'Mozilla/5.0 (Macintosh; Intel Mac OS X 10_15_7) AppleWebKit/537.36 (KHTML, like Gecko) Chrome/140.0.0.0 Safari/537.36',
  ip: '::1',
  userId: undefined,
  userRole: undefined,
  level: 'error',
  message: 'API Request Error',
  timestamp: '2025-09-26 21:34:48'
}
{
  service: 'shared-wealth-api',
  version: '0.0.0',
  environment: 'development',
  method: 'POST',
  url: '/signin',
  statusCode: 401,
  duration: '26ms',
  userAgent: 'Mozilla/5.0 (Macintosh; Intel Mac OS X 10_15_7) AppleWebKit/537.36 (KHTML, like Gecko) Chrome/140.0.0.0 Safari/537.36',
  ip: '::1',
  userId: undefined,
  userRole: undefined,
  level: 'error',
  message: 'API Request Error',
  timestamp: '2025-09-26 21:35:35'
}
{
  service: 'shared-wealth-api',
  version: '0.0.0',
  environment: 'development',
  method: 'POST',
  url: '/signin',
  statusCode: 401,
  duration: '11ms',
  userAgent: 'Mozilla/5.0 (Macintosh; Intel Mac OS X 10_15_7) AppleWebKit/537.36 (KHTML, like Gecko) Chrome/140.0.0.0 Safari/537.36',
  ip: '::1',
  userId: undefined,
  userRole: undefined,
  level: 'error',
  message: 'API Request Error',
  timestamp: '2025-09-26 21:35:54'
}
{
  service: 'shared-wealth-api',
  version: '0.0.0',
  environment: 'development',
  method: 'POST',
  url: '/api/auth/signout',
  statusCode: 404,
  duration: '6ms',
  userAgent: 'Mozilla/5.0 (Macintosh; Intel Mac OS X 10_15_7) AppleWebKit/537.36 (KHTML, like Gecko) Chrome/140.0.0.0 Safari/537.36',
  ip: '::1',
  userId: undefined,
  userRole: undefined,
  level: 'error',
  message: 'API Request Error',
  timestamp: '2025-09-26 21:43:44'
}
{
  service: 'shared-wealth-api',
  version: '0.0.0',
  environment: 'development',
  method: 'GET',
  url: '/admin/check/8bcae3df-c246-4cbe-aea9-9f45132dbc7e',
  statusCode: 403,
  duration: '2ms',
  userAgent: 'Mozilla/5.0 (Macintosh; Intel Mac OS X 10_15_7) AppleWebKit/537.36 (KHTML, like Gecko) Chrome/140.0.0.0 Safari/537.36',
  ip: '::1',
  userId: '8bcae3df-c246-4cbe-aea9-9f45132dbc7e',
  userRole: 'director',
  level: 'error',
  message: 'API Request Error',
  timestamp: '2025-09-26 21:43:53'
}
{
  service: 'shared-wealth-api',
  version: '0.0.0',
  environment: 'development',
  method: 'GET',
  url: '/undefined/undefined/stats?userId=8bcae3df-c246-4cbe-aea9-9f45132dbc7e',
  statusCode: 500,
  duration: '12ms',
  userAgent: 'Mozilla/5.0 (Macintosh; Intel Mac OS X 10_15_7) AppleWebKit/537.36 (KHTML, like Gecko) Chrome/140.0.0.0 Safari/537.36',
  ip: '::1',
  userId: undefined,
  userRole: undefined,
  level: 'error',
  message: 'API Request Error',
  timestamp: '2025-09-26 21:43:59'
}
{
  service: 'shared-wealth-api',
  version: '0.0.0',
  environment: 'development',
  method: 'GET',
  url: '/content/events',
  statusCode: 403,
  duration: '4ms',
  userAgent: 'Mozilla/5.0 (Macintosh; Intel Mac OS X 10_15_7) AppleWebKit/537.36 (KHTML, like Gecko) Chrome/140.0.0.0 Safari/537.36',
  ip: '::1',
  userId: '8bcae3df-c246-4cbe-aea9-9f45132dbc7e',
  userRole: 'director',
  level: 'error',
  message: 'API Request Error',
  timestamp: '2025-09-26 21:44:00'
}
{
  service: 'shared-wealth-api',
  version: '0.0.0',
  environment: 'development',
  method: 'GET',
  url: '/undefined/undefined/stats?userId=8bcae3df-c246-4cbe-aea9-9f45132dbc7e',
  statusCode: 500,
  duration: '6ms',
  userAgent: 'Mozilla/5.0 (Macintosh; Intel Mac OS X 10_15_7) AppleWebKit/537.36 (KHTML, like Gecko) Chrome/140.0.0.0 Safari/537.36',
  ip: '::1',
  userId: undefined,
  userRole: undefined,
  level: 'error',
  message: 'API Request Error',
  timestamp: '2025-09-26 21:44:02'
}
{
  service: 'shared-wealth-api',
  version: '0.0.0',
  environment: 'development',
  method: 'DELETE',
  url: '/31eff919-6f25-4e90-b5fc-c498677529dc',
  statusCode: 403,
  duration: '8ms',
  userAgent: 'Mozilla/5.0 (Macintosh; Intel Mac OS X 10_15_7) AppleWebKit/537.36 (KHTML, like Gecko) Chrome/140.0.0.0 Safari/537.36',
  ip: '::1',
  userId: '8bcae3df-c246-4cbe-aea9-9f45132dbc7e',
  userRole: 'director',
  level: 'error',
  message: 'API Request Error',
  timestamp: '2025-09-26 21:44:05'
}
{
  service: 'shared-wealth-api',
  version: '0.0.0',
  environment: 'development',
  method: 'POST',
  url: '/api/auth/signout',
  statusCode: 404,
  duration: '1ms',
  userAgent: 'Mozilla/5.0 (Macintosh; Intel Mac OS X 10_15_7) AppleWebKit/537.36 (KHTML, like Gecko) Chrome/140.0.0.0 Safari/537.36',
  ip: '::1',
  userId: undefined,
  userRole: undefined,
  level: 'error',
  message: 'API Request Error',
  timestamp: '2025-09-26 21:44:10'
}
{
  service: 'shared-wealth-api',
  version: '1.0.0',
  environment: 'development',
  method: 'POST',
  url: '/signin',
  statusCode: 404,
  duration: '1ms',
  userAgent: 'curl/8.7.1',
  ip: '::1',
  userId: undefined,
  userRole: undefined,
  level: 'error',
  message: 'API Request Error',
  timestamp: '2025-09-27 02:05:52'
}
{
  service: 'shared-wealth-api',
  version: '1.0.0',
  environment: 'development',
  method: 'POST',
  url: '/signin',
  statusCode: 404,
  duration: '1ms',
  userAgent: 'curl/8.7.1',
  ip: '::1',
  userId: undefined,
  userRole: undefined,
  level: 'error',
  message: 'API Request Error',
  timestamp: '2025-09-27 02:05:55'
}
{
  service: 'shared-wealth-api',
  version: '1.0.0',
  environment: 'development',
  method: 'GET',
  url: '/',
  statusCode: 401,
  duration: '2ms',
  userAgent: 'curl/8.7.1',
  ip: '::1',
  userId: undefined,
  userRole: undefined,
  level: 'error',
  message: 'API Request Error',
  timestamp: '2025-09-27 02:06:09'
}
{
  service: 'shared-wealth-api',
  version: '1.0.0',
  environment: 'development',
  method: 'GET',
  url: '/list',
  statusCode: 500,
  duration: '8ms',
  userAgent: 'curl/8.7.1',
  ip: '::1',
  userId: undefined,
  userRole: undefined,
  level: 'error',
  message: 'API Request Error',
  timestamp: '2025-09-27 02:07:42'
}
{
  service: 'shared-wealth-api',
  version: '1.0.0',
  environment: 'development',
  method: 'GET',
  url: '/',
  statusCode: 401,
  duration: '3ms',
  userAgent: 'Mozilla/5.0 (Macintosh; Intel Mac OS X 10_15_7) AppleWebKit/537.36 (KHTML, like Gecko) HeadlessChrome/140.0.0.0 Safari/537.36',
  ip: '::1',
  userId: undefined,
  userRole: undefined,
  level: 'error',
  message: 'API Request Error',
  timestamp: '2025-09-30 18:23:32'
}
{
  service: 'shared-wealth-api',
  version: '1.0.0',
  environment: 'development',
  method: 'GET',
  url: '/',
  statusCode: 401,
  duration: '0ms',
  userAgent: 'Mozilla/5.0 (Macintosh; Intel Mac OS X 10_15_7) AppleWebKit/537.36 (KHTML, like Gecko) HeadlessChrome/140.0.0.0 Safari/537.36',
  ip: '::1',
  userId: undefined,
  userRole: undefined,
  level: 'error',
  message: 'API Request Error',
  timestamp: '2025-09-30 18:32:08'
}
{
  service: 'shared-wealth-api',
  version: '1.0.0',
  environment: 'development',
  method: 'GET',
  url: '/',
  statusCode: 401,
  duration: '18ms',
  userAgent: 'Mozilla/5.0 (Macintosh; Intel Mac OS X 10_15_7) AppleWebKit/537.36 (KHTML, like Gecko) HeadlessChrome/140.0.0.0 Safari/537.36',
  ip: '::1',
  userId: undefined,
  userRole: undefined,
  level: 'error',
  message: 'API Request Error',
  timestamp: '2025-09-30 18:33:57'
}
{
  service: 'shared-wealth-api',
  version: '1.0.0',
  environment: 'development',
  method: 'GET',
  url: '/',
  statusCode: 401,
  duration: '1ms',
  userAgent: 'Mozilla/5.0 (Macintosh; Intel Mac OS X 10_15_7) AppleWebKit/537.36 (KHTML, like Gecko) HeadlessChrome/140.0.0.0 Safari/537.36',
  ip: '::1',
  userId: undefined,
  userRole: undefined,
  level: 'error',
  message: 'API Request Error',
  timestamp: '2025-09-30 18:39:32'
}
{
  service: 'shared-wealth-api',
  version: '1.0.0',
  environment: 'development',
  method: 'GET',
  url: '/',
  statusCode: 401,
  duration: '2ms',
  userAgent: 'Mozilla/5.0 (Macintosh; Intel Mac OS X 10_15_7) AppleWebKit/537.36 (KHTML, like Gecko) HeadlessChrome/140.0.0.0 Safari/537.36',
  ip: '::1',
  userId: undefined,
  userRole: undefined,
  level: 'error',
  message: 'API Request Error',
  timestamp: '2025-09-30 18:46:40'
}
