{
  error: Error: write EPIPE
      at afterWriteDispatched (node:internal/stream_base_commons:160:15)
      at writeGeneric (node:internal/stream_base_commons:151:3)
      at Socket._writeGeneric (node:net:962:11)
      at Socket._write (node:net:974:8)
      at writeOrBuffer (node:internal/streams/writable:392:12)
      at _write (node:internal/streams/writable:333:10)
      at Writable.write (node:internal/streams/writable:337:10)
      at Console.log (/Users/m.salmanmalik/Development Projects/Shared Wealth International/wealth-pioneers-network/node_modules/.pnpm/winston@3.17.0/node_modules/winston/lib/winston/transports/console.js:87:23)
      at Console._write (/Users/m.salmanmalik/Development Projects/Shared Wealth International/wealth-pioneers-network/node_modules/.pnpm/winston-transport@4.9.0/node_modules/winston-transport/modern.js:103:17)
      at doWrite (/Users/m.salmanmalik/Development Projects/Shared Wealth International/wealth-pioneers-network/node_modules/.pnpm/readable-stream@3.6.2/node_modules/readable-stream/lib/_stream_writable.js:390:139) {
    errno: -32,
    code: 'EPIPE',
    syscall: 'write'
  },
  level: 'error',
  message: 'uncaughtException: write EPIPE\n' +
    'Error: write EPIPE\n' +
    '    at afterWriteDispatched (node:internal/stream_base_commons:160:15)\n' +
    '    at writeGeneric (node:internal/stream_base_commons:151:3)\n' +
    '    at Socket._writeGeneric (node:net:962:11)\n' +
    '    at Socket._write (node:net:974:8)\n' +
    '    at writeOrBuffer (node:internal/streams/writable:392:12)\n' +
    '    at _write (node:internal/streams/writable:333:10)\n' +
    '    at Writable.write (node:internal/streams/writable:337:10)\n' +
    '    at Console.log (/Users/m.salmanmalik/Development Projects/Shared Wealth International/wealth-pioneers-network/node_modules/.pnpm/winston@3.17.0/node_modules/winston/lib/winston/transports/console.js:87:23)\n' +
    '    at Console._write (/Users/m.salmanmalik/Development Projects/Shared Wealth International/wealth-pioneers-network/node_modules/.pnpm/winston-transport@4.9.0/node_modules/winston-transport/modern.js:103:17)\n' +
    '    at doWrite (/Users/m.salmanmalik/Development Projects/Shared Wealth International/wealth-pioneers-network/node_modules/.pnpm/readable-stream@3.6.2/node_modules/readable-stream/lib/_stream_writable.js:390:139)',
  stack: 'Error: write EPIPE\n' +
    '    at afterWriteDispatched (node:internal/stream_base_commons:160:15)\n' +
    '    at writeGeneric (node:internal/stream_base_commons:151:3)\n' +
    '    at Socket._writeGeneric (node:net:962:11)\n' +
    '    at Socket._write (node:net:974:8)\n' +
    '    at writeOrBuffer (node:internal/streams/writable:392:12)\n' +
    '    at _write (node:internal/streams/writable:333:10)\n' +
    '    at Writable.write (node:internal/streams/writable:337:10)\n' +
    '    at Console.log (/Users/m.salmanmalik/Development Projects/Shared Wealth International/wealth-pioneers-network/node_modules/.pnpm/winston@3.17.0/node_modules/winston/lib/winston/transports/console.js:87:23)\n' +
    '    at Console._write (/Users/m.salmanmalik/Development Projects/Shared Wealth International/wealth-pioneers-network/node_modules/.pnpm/winston-transport@4.9.0/node_modules/winston-transport/modern.js:103:17)\n' +
    '    at doWrite (/Users/m.salmanmalik/Development Projects/Shared Wealth International/wealth-pioneers-network/node_modules/.pnpm/readable-stream@3.6.2/node_modules/readable-stream/lib/_stream_writable.js:390:139)',
  exception: true,
  date: 'Fri Sep 26 2025 19:14:21 GMT+0200 (Central European Summer Time)',
  process: {
    pid: 23044,
    uid: 501,
    gid: 20,
    cwd: '/Users/m.salmanmalik/Development Projects/Shared Wealth International/wealth-pioneers-network',
    execPath: '/Users/m.salmanmalik/.nvm/versions/node/v18.20.8/bin/node',
    version: 'v18.20.8',
    argv: [
      '/Users/m.salmanmalik/.nvm/versions/node/v18.20.8/bin/node',
      '/Users/m.salmanmalik/Development Projects/Shared Wealth International/wealth-pioneers-network/dist/server/server.js'
    ],
    memoryUsage: {
      rss: 30375936,
      heapTotal: 53035008,
      heapUsed: 47864584,
      external: 3532086,
      arrayBuffers: 239309
    }
  },
  os: {
    loadavg: [ 18.380859375, 21.34130859375, 12.97705078125 ],
    uptime: 1979522
  },
  trace: [
    {
      column: 15,
      file: 'node:internal/stream_base_commons',
      function: 'afterWriteDispatched',
      line: 160,
      method: null,
      native: false
    },
    {
      column: 3,
      file: 'node:internal/stream_base_commons',
      function: 'writeGeneric',
      line: 151,
      method: null,
      native: false
    },
    {
      column: 11,
      file: 'node:net',
      function: 'Socket._writeGeneric',
      line: 962,
      method: '_writeGeneric',
      native: false
    },
    {
      column: 8,
      file: 'node:net',
      function: 'Socket._write',
      line: 974,
      method: '_write',
      native: false
    },
    {
      column: 12,
      file: 'node:internal/streams/writable',
      function: 'writeOrBuffer',
      line: 392,
      method: null,
      native: false
    },
    {
      column: 10,
      file: 'node:internal/streams/writable',
      function: '_write',
      line: 333,
      method: null,
      native: false
    },
    {
      column: 10,
      file: 'node:internal/streams/writable',
      function: 'Writable.write',
      line: 337,
      method: 'write',
      native: false
    },
    {
      column: 23,
      file: '/Users/m.salmanmalik/Development Projects/Shared Wealth International/wealth-pioneers-network/node_modules/.pnpm/winston@3.17.0/node_modules/winston/lib/winston/transports/console.js',
      function: 'Console.log',
      line: 87,
      method: 'log',
      native: false
    },
    {
      column: 17,
      file: '/Users/m.salmanmalik/Development Projects/Shared Wealth International/wealth-pioneers-network/node_modules/.pnpm/winston-transport@4.9.0/node_modules/winston-transport/modern.js',
      function: 'Console._write',
      line: 103,
      method: '_write',
      native: false
    },
    {
      column: 139,
      file: '/Users/m.salmanmalik/Development Projects/Shared Wealth International/wealth-pioneers-network/node_modules/.pnpm/readable-stream@3.6.2/node_modules/readable-stream/lib/_stream_writable.js',
      function: 'doWrite',
      line: 390,
      method: null,
      native: false
    }
  ],
  service: 'shared-wealth-api',
  version: '0.0.0',
  environment: 'development',
  timestamp: '2025-09-26 19:14:21'
}
{
  error: Error: write EPIPE
      at afterWriteDispatched (node:internal/stream_base_commons:160:15)
      at writeGeneric (node:internal/stream_base_commons:151:3)
      at Socket._writeGeneric (node:net:962:11)
      at Socket._write (node:net:974:8)
      at writeOrBuffer (node:internal/streams/writable:392:12)
      at _write (node:internal/streams/writable:333:10)
      at Writable.write (node:internal/streams/writable:337:10)
      at Console.log (/Users/m.salmanmalik/Development Projects/Shared Wealth International Final/wealth-pioneers-network/node_modules/.pnpm/winston@3.17.0/node_modules/winston/lib/winston/transports/console.js:87:23)
      at Console._write (/Users/m.salmanmalik/Development Projects/Shared Wealth International Final/wealth-pioneers-network/node_modules/.pnpm/winston-transport@4.9.0/node_modules/winston-transport/modern.js:103:17)
      at doWrite (/Users/m.salmanmalik/Development Projects/Shared Wealth International Final/wealth-pioneers-network/node_modules/.pnpm/readable-stream@3.6.2/node_modules/readable-stream/lib/_stream_writable.js:390:139) {
    errno: -32,
    code: 'EPIPE',
    syscall: 'write'
  },
  level: 'error',
  message: 'uncaughtException: write EPIPE\n' +
    'Error: write EPIPE\n' +
    '    at afterWriteDispatched (node:internal/stream_base_commons:160:15)\n' +
    '    at writeGeneric (node:internal/stream_base_commons:151:3)\n' +
    '    at Socket._writeGeneric (node:net:962:11)\n' +
    '    at Socket._write (node:net:974:8)\n' +
    '    at writeOrBuffer (node:internal/streams/writable:392:12)\n' +
    '    at _write (node:internal/streams/writable:333:10)\n' +
    '    at Writable.write (node:internal/streams/writable:337:10)\n' +
    '    at Console.log (/Users/m.salmanmalik/Development Projects/Shared Wealth International Final/wealth-pioneers-network/node_modules/.pnpm/winston@3.17.0/node_modules/winston/lib/winston/transports/console.js:87:23)\n' +
    '    at Console._write (/Users/m.salmanmalik/Development Projects/Shared Wealth International Final/wealth-pioneers-network/node_modules/.pnpm/winston-transport@4.9.0/node_modules/winston-transport/modern.js:103:17)\n' +
    '    at doWrite (/Users/m.salmanmalik/Development Projects/Shared Wealth International Final/wealth-pioneers-network/node_modules/.pnpm/readable-stream@3.6.2/node_modules/readable-stream/lib/_stream_writable.js:390:139)',
  stack: 'Error: write EPIPE\n' +
    '    at afterWriteDispatched (node:internal/stream_base_commons:160:15)\n' +
    '    at writeGeneric (node:internal/stream_base_commons:151:3)\n' +
    '    at Socket._writeGeneric (node:net:962:11)\n' +
    '    at Socket._write (node:net:974:8)\n' +
    '    at writeOrBuffer (node:internal/streams/writable:392:12)\n' +
    '    at _write (node:internal/streams/writable:333:10)\n' +
    '    at Writable.write (node:internal/streams/writable:337:10)\n' +
    '    at Console.log (/Users/m.salmanmalik/Development Projects/Shared Wealth International Final/wealth-pioneers-network/node_modules/.pnpm/winston@3.17.0/node_modules/winston/lib/winston/transports/console.js:87:23)\n' +
    '    at Console._write (/Users/m.salmanmalik/Development Projects/Shared Wealth International Final/wealth-pioneers-network/node_modules/.pnpm/winston-transport@4.9.0/node_modules/winston-transport/modern.js:103:17)\n' +
    '    at doWrite (/Users/m.salmanmalik/Development Projects/Shared Wealth International Final/wealth-pioneers-network/node_modules/.pnpm/readable-stream@3.6.2/node_modules/readable-stream/lib/_stream_writable.js:390:139)',
  exception: true,
  date: 'Tue Sep 30 2025 18:20:50 GMT+0200 (Central European Summer Time)',
  process: {
    pid: 32285,
    uid: 501,
    gid: 20,
    cwd: '/Users/m.salmanmalik/Development Projects/Shared Wealth International Final/wealth-pioneers-network',
    execPath: '/Users/m.salmanmalik/.nvm/versions/node/v18.20.8/bin/node',
    version: 'v18.20.8',
    argv: [
      '/Users/m.salmanmalik/.nvm/versions/node/v18.20.8/bin/node',
      '/Users/m.salmanmalik/Development Projects/Shared Wealth International Final/wealth-pioneers-network/dist/server/server.js'
    ],
    memoryUsage: {
      rss: 28196864,
      heapTotal: 52248576,
      heapUsed: 46561736,
      external: 3454390,
      arrayBuffers: 161653
    }
  },
  os: {
    loadavg: [ 8.84716796875, 10.22705078125, 10.6591796875 ],
    uptime: 2321911
  },
  trace: [
    {
      column: 15,
      file: 'node:internal/stream_base_commons',
      function: 'afterWriteDispatched',
      line: 160,
      method: null,
      native: false
    },
    {
      column: 3,
      file: 'node:internal/stream_base_commons',
      function: 'writeGeneric',
      line: 151,
      method: null,
      native: false
    },
    {
      column: 11,
      file: 'node:net',
      function: 'Socket._writeGeneric',
      line: 962,
      method: '_writeGeneric',
      native: false
    },
    {
      column: 8,
      file: 'node:net',
      function: 'Socket._write',
      line: 974,
      method: '_write',
      native: false
    },
    {
      column: 12,
      file: 'node:internal/streams/writable',
      function: 'writeOrBuffer',
      line: 392,
      method: null,
      native: false
    },
    {
      column: 10,
      file: 'node:internal/streams/writable',
      function: '_write',
      line: 333,
      method: null,
      native: false
    },
    {
      column: 10,
      file: 'node:internal/streams/writable',
      function: 'Writable.write',
      line: 337,
      method: 'write',
      native: false
    },
    {
      column: 23,
      file: '/Users/m.salmanmalik/Development Projects/Shared Wealth International Final/wealth-pioneers-network/node_modules/.pnpm/winston@3.17.0/node_modules/winston/lib/winston/transports/console.js',
      function: 'Console.log',
      line: 87,
      method: 'log',
      native: false
    },
    {
      column: 17,
      file: '/Users/m.salmanmalik/Development Projects/Shared Wealth International Final/wealth-pioneers-network/node_modules/.pnpm/winston-transport@4.9.0/node_modules/winston-transport/modern.js',
      function: 'Console._write',
      line: 103,
      method: '_write',
      native: false
    },
    {
      column: 139,
      file: '/Users/m.salmanmalik/Development Projects/Shared Wealth International Final/wealth-pioneers-network/node_modules/.pnpm/readable-stream@3.6.2/node_modules/readable-stream/lib/_stream_writable.js',
      function: 'doWrite',
      line: 390,
      method: null,
      native: false
    }
  ],
  service: 'shared-wealth-api',
  version: '1.0.0',
  environment: 'development',
  timestamp: '2025-09-30 18:20:50'
}
{
  error: Error: write EPIPE
      at afterWriteDispatched (node:internal/stream_base_commons:160:15)
      at writeGeneric (node:internal/stream_base_commons:151:3)
      at Socket._writeGeneric (node:net:962:11)
      at Socket._write (node:net:974:8)
      at writeOrBuffer (node:internal/streams/writable:392:12)
      at _write (node:internal/streams/writable:333:10)
      at Writable.write (node:internal/streams/writable:337:10)
      at console.value (node:internal/console/constructor:305:16)
      at console.log (node:internal/console/constructor:380:26)
      at file:///Users/m.salmanmalik/Development%20Projects/Shared%20Wealth%20International%20Final/wealth-pioneers-network/dist/server/app.js:147:9 {
    errno: -32,
    code: 'EPIPE',
    syscall: 'write'
  },
  level: 'error',
  message: 'uncaughtException: write EPIPE\n' +
    'Error: write EPIPE\n' +
    '    at afterWriteDispatched (node:internal/stream_base_commons:160:15)\n' +
    '    at writeGeneric (node:internal/stream_base_commons:151:3)\n' +
    '    at Socket._writeGeneric (node:net:962:11)\n' +
    '    at Socket._write (node:net:974:8)\n' +
    '    at writeOrBuffer (node:internal/streams/writable:392:12)\n' +
    '    at _write (node:internal/streams/writable:333:10)\n' +
    '    at Writable.write (node:internal/streams/writable:337:10)\n' +
    '    at console.value (node:internal/console/constructor:305:16)\n' +
    '    at console.log (node:internal/console/constructor:380:26)\n' +
    '    at file:///Users/m.salmanmalik/Development%20Projects/Shared%20Wealth%20International%20Final/wealth-pioneers-network/dist/server/app.js:147:9',
  stack: 'Error: write EPIPE\n' +
    '    at afterWriteDispatched (node:internal/stream_base_commons:160:15)\n' +
    '    at writeGeneric (node:internal/stream_base_commons:151:3)\n' +
    '    at Socket._writeGeneric (node:net:962:11)\n' +
    '    at Socket._write (node:net:974:8)\n' +
    '    at writeOrBuffer (node:internal/streams/writable:392:12)\n' +
    '    at _write (node:internal/streams/writable:333:10)\n' +
    '    at Writable.write (node:internal/streams/writable:337:10)\n' +
    '    at console.value (node:internal/console/constructor:305:16)\n' +
    '    at console.log (node:internal/console/constructor:380:26)\n' +
    '    at file:///Users/m.salmanmalik/Development%20Projects/Shared%20Wealth%20International%20Final/wealth-pioneers-network/dist/server/app.js:147:9',
  exception: true,
  date: 'Tue Sep 30 2025 18:22:32 GMT+0200 (Central European Summer Time)',
  process: {
    pid: 58077,
    uid: 501,
    gid: 20,
    cwd: '/Users/m.salmanmalik/Development Projects/Shared Wealth International Final/wealth-pioneers-network',
    execPath: '/Users/m.salmanmalik/.nvm/versions/node/v18.20.8/bin/node',
    version: 'v18.20.8',
    argv: [
      '/Users/m.salmanmalik/.nvm/versions/node/v18.20.8/bin/node',
      '/Users/m.salmanmalik/Development Projects/Shared Wealth International Final/wealth-pioneers-network/dist/server/server.js'
    ],
    memoryUsage: {
      rss: 158023680,
      heapTotal: 95633408,
      heapUsed: 61140656,
      external: 3755206,
      arrayBuffers: 333269
    }
  },
  os: {
    loadavg: [ 11.4375, 11.11669921875, 10.96923828125 ],
    uptime: 2322013
  },
  trace: [
    {
      column: 15,
      file: 'node:internal/stream_base_commons',
      function: 'afterWriteDispatched',
      line: 160,
      method: null,
      native: false
    },
    {
      column: 3,
      file: 'node:internal/stream_base_commons',
      function: 'writeGeneric',
      line: 151,
      method: null,
      native: false
    },
    {
      column: 11,
      file: 'node:net',
      function: 'Socket._writeGeneric',
      line: 962,
      method: '_writeGeneric',
      native: false
    },
    {
      column: 8,
      file: 'node:net',
      function: 'Socket._write',
      line: 974,
      method: '_write',
      native: false
    },
    {
      column: 12,
      file: 'node:internal/streams/writable',
      function: 'writeOrBuffer',
      line: 392,
      method: null,
      native: false
    },
    {
      column: 10,
      file: 'node:internal/streams/writable',
      function: '_write',
      line: 333,
      method: null,
      native: false
    },
    {
      column: 10,
      file: 'node:internal/streams/writable',
      function: 'Writable.write',
      line: 337,
      method: 'write',
      native: false
    },
    {
      column: 16,
      file: 'node:internal/console/constructor',
      function: 'console.value',
      line: 305,
      method: 'value',
      native: false
    },
    {
      column: 26,
      file: 'node:internal/console/constructor',
      function: 'console.log',
      line: 380,
      method: 'log',
      native: false
    },
    {
      column: 9,
      file: 'file:///Users/m.salmanmalik/Development%20Projects/Shared%20Wealth%20International%20Final/wealth-pioneers-network/dist/server/app.js',
      function: null,
      line: 147,
      method: null,
      native: false
    }
  ],
  service: 'shared-wealth-api',
  version: '1.0.0',
  environment: 'development',
  timestamp: '2025-09-30 18:22:32'
}
{
  error: Error: write EPIPE
      at afterWriteDispatched (node:internal/stream_base_commons:160:15)
      at writeGeneric (node:internal/stream_base_commons:151:3)
      at Socket._writeGeneric (node:net:962:11)
      at Socket._write (node:net:974:8)
      at writeOrBuffer (node:internal/streams/writable:392:12)
      at _write (node:internal/streams/writable:333:10)
      at Writable.write (node:internal/streams/writable:337:10)
      at console.value (node:internal/console/constructor:305:16)
      at console.log (node:internal/console/constructor:380:26)
      at Server.<anonymous> (file:///Users/m.salmanmalik/Development%20Projects/Shared%20Wealth%20International%20Final/wealth-pioneers-network/dist/server/server.js:9:13) {
    errno: -32,
    code: 'EPIPE',
    syscall: 'write'
  },
  level: 'error',
  message: 'uncaughtException: write EPIPE\n' +
    'Error: write EPIPE\n' +
    '    at afterWriteDispatched (node:internal/stream_base_commons:160:15)\n' +
    '    at writeGeneric (node:internal/stream_base_commons:151:3)\n' +
    '    at Socket._writeGeneric (node:net:962:11)\n' +
    '    at Socket._write (node:net:974:8)\n' +
    '    at writeOrBuffer (node:internal/streams/writable:392:12)\n' +
    '    at _write (node:internal/streams/writable:333:10)\n' +
    '    at Writable.write (node:internal/streams/writable:337:10)\n' +
    '    at console.value (node:internal/console/constructor:305:16)\n' +
    '    at console.log (node:internal/console/constructor:380:26)\n' +
    '    at Server.<anonymous> (file:///Users/m.salmanmalik/Development%20Projects/Shared%20Wealth%20International%20Final/wealth-pioneers-network/dist/server/server.js:9:13)',
  stack: 'Error: write EPIPE\n' +
    '    at afterWriteDispatched (node:internal/stream_base_commons:160:15)\n' +
    '    at writeGeneric (node:internal/stream_base_commons:151:3)\n' +
    '    at Socket._writeGeneric (node:net:962:11)\n' +
    '    at Socket._write (node:net:974:8)\n' +
    '    at writeOrBuffer (node:internal/streams/writable:392:12)\n' +
    '    at _write (node:internal/streams/writable:333:10)\n' +
    '    at Writable.write (node:internal/streams/writable:337:10)\n' +
    '    at console.value (node:internal/console/constructor:305:16)\n' +
    '    at console.log (node:internal/console/constructor:380:26)\n' +
    '    at Server.<anonymous> (file:///Users/m.salmanmalik/Development%20Projects/Shared%20Wealth%20International%20Final/wealth-pioneers-network/dist/server/server.js:9:13)',
  exception: true,
  date: 'Tue Sep 30 2025 18:22:32 GMT+0200 (Central European Summer Time)',
  process: {
    pid: 58077,
    uid: 501,
    gid: 20,
    cwd: '/Users/m.salmanmalik/Development Projects/Shared Wealth International Final/wealth-pioneers-network',
    execPath: '/Users/m.salmanmalik/.nvm/versions/node/v18.20.8/bin/node',
    version: 'v18.20.8',
    argv: [
      '/Users/m.salmanmalik/.nvm/versions/node/v18.20.8/bin/node',
      '/Users/m.salmanmalik/Development Projects/Shared Wealth International Final/wealth-pioneers-network/dist/server/server.js'
    ],
    memoryUsage: {
      rss: 158138368,
      heapTotal: 95895552,
      heapUsed: 61627904,
      external: 3509718,
      arrayBuffers: 346637
    }
  },
  os: {
    loadavg: [ 11.4375, 11.11669921875, 10.96923828125 ],
    uptime: 2322013
  },
  trace: [
    {
      column: 15,
      file: 'node:internal/stream_base_commons',
      function: 'afterWriteDispatched',
      line: 160,
      method: null,
      native: false
    },
    {
      column: 3,
      file: 'node:internal/stream_base_commons',
      function: 'writeGeneric',
      line: 151,
      method: null,
      native: false
    },
    {
      column: 11,
      file: 'node:net',
      function: 'Socket._writeGeneric',
      line: 962,
      method: '_writeGeneric',
      native: false
    },
    {
      column: 8,
      file: 'node:net',
      function: 'Socket._write',
      line: 974,
      method: '_write',
      native: false
    },
    {
      column: 12,
      file: 'node:internal/streams/writable',
      function: 'writeOrBuffer',
      line: 392,
      method: null,
      native: false
    },
    {
      column: 10,
      file: 'node:internal/streams/writable',
      function: '_write',
      line: 333,
      method: null,
      native: false
    },
    {
      column: 10,
      file: 'node:internal/streams/writable',
      function: 'Writable.write',
      line: 337,
      method: 'write',
      native: false
    },
    {
      column: 16,
      file: 'node:internal/console/constructor',
      function: 'console.value',
      line: 305,
      method: 'value',
      native: false
    },
    {
      column: 26,
      file: 'node:internal/console/constructor',
      function: 'console.log',
      line: 380,
      method: 'log',
      native: false
    },
    {
      column: 13,
      file: 'file:///Users/m.salmanmalik/Development%20Projects/Shared%20Wealth%20International%20Final/wealth-pioneers-network/dist/server/server.js',
      function: null,
      line: 9,
      method: null,
      native: false
    }
  ],
  service: 'shared-wealth-api',
  version: '1.0.0',
  environment: 'development',
  timestamp: '2025-09-30 18:22:32'
}
{
  error: Error: write EPIPE
      at afterWriteDispatched (node:internal/stream_base_commons:160:15)
      at writeGeneric (node:internal/stream_base_commons:151:3)
      at Socket._writeGeneric (node:net:962:11)
      at Socket._write (node:net:974:8)
      at writeOrBuffer (node:internal/streams/writable:392:12)
      at _write (node:internal/streams/writable:333:10)
      at Writable.write (node:internal/streams/writable:337:10)
      at console.value (node:internal/console/constructor:305:16)
      at console.warn (node:internal/console/constructor:385:26)
      at process.<anonymous> (file:///Users/m.salmanmalik/Development%20Projects/Shared%20Wealth%20International%20Final/wealth-pioneers-network/dist/server/server.js:67:13) {
    errno: -32,
    code: 'EPIPE',
    syscall: 'write'
  },
  level: 'error',
  message: 'uncaughtException: write EPIPE\n' +
    'Error: write EPIPE\n' +
    '    at afterWriteDispatched (node:internal/stream_base_commons:160:15)\n' +
    '    at writeGeneric (node:internal/stream_base_commons:151:3)\n' +
    '    at Socket._writeGeneric (node:net:962:11)\n' +
    '    at Socket._write (node:net:974:8)\n' +
    '    at writeOrBuffer (node:internal/streams/writable:392:12)\n' +
    '    at _write (node:internal/streams/writable:333:10)\n' +
    '    at Writable.write (node:internal/streams/writable:337:10)\n' +
    '    at console.value (node:internal/console/constructor:305:16)\n' +
    '    at console.warn (node:internal/console/constructor:385:26)\n' +
    '    at process.<anonymous> (file:///Users/m.salmanmalik/Development%20Projects/Shared%20Wealth%20International%20Final/wealth-pioneers-network/dist/server/server.js:67:13)',
  stack: 'Error: write EPIPE\n' +
    '    at afterWriteDispatched (node:internal/stream_base_commons:160:15)\n' +
    '    at writeGeneric (node:internal/stream_base_commons:151:3)\n' +
    '    at Socket._writeGeneric (node:net:962:11)\n' +
    '    at Socket._write (node:net:974:8)\n' +
    '    at writeOrBuffer (node:internal/streams/writable:392:12)\n' +
    '    at _write (node:internal/streams/writable:333:10)\n' +
    '    at Writable.write (node:internal/streams/writable:337:10)\n' +
    '    at console.value (node:internal/console/constructor:305:16)\n' +
    '    at console.warn (node:internal/console/constructor:385:26)\n' +
    '    at process.<anonymous> (file:///Users/m.salmanmalik/Development%20Projects/Shared%20Wealth%20International%20Final/wealth-pioneers-network/dist/server/server.js:67:13)',
  exception: true,
  date: 'Tue Sep 30 2025 18:22:32 GMT+0200 (Central European Summer Time)',
  process: {
    pid: 58077,
    uid: 501,
    gid: 20,
    cwd: '/Users/m.salmanmalik/Development Projects/Shared Wealth International Final/wealth-pioneers-network',
    execPath: '/Users/m.salmanmalik/.nvm/versions/node/v18.20.8/bin/node',
    version: 'v18.20.8',
    argv: [
      '/Users/m.salmanmalik/.nvm/versions/node/v18.20.8/bin/node',
      '/Users/m.salmanmalik/Development Projects/Shared Wealth International Final/wealth-pioneers-network/dist/server/server.js'
    ],
    memoryUsage: {
      rss: 158187520,
      heapTotal: 95895552,
      heapUsed: 61762152,
      external: 3514941,
      arrayBuffers: 351860
    }
  },
  os: {
    loadavg: [ 11.4375, 11.11669921875, 10.96923828125 ],
    uptime: 2322013
  },
  trace: [
    {
      column: 15,
      file: 'node:internal/stream_base_commons',
      function: 'afterWriteDispatched',
      line: 160,
      method: null,
      native: false
    },
    {
      column: 3,
      file: 'node:internal/stream_base_commons',
      function: 'writeGeneric',
      line: 151,
      method: null,
      native: false
    },
    {
      column: 11,
      file: 'node:net',
      function: 'Socket._writeGeneric',
      line: 962,
      method: '_writeGeneric',
      native: false
    },
    {
      column: 8,
      file: 'node:net',
      function: 'Socket._write',
      line: 974,
      method: '_write',
      native: false
    },
    {
      column: 12,
      file: 'node:internal/streams/writable',
      function: 'writeOrBuffer',
      line: 392,
      method: null,
      native: false
    },
    {
      column: 10,
      file: 'node:internal/streams/writable',
      function: '_write',
      line: 333,
      method: null,
      native: false
    },
    {
      column: 10,
      file: 'node:internal/streams/writable',
      function: 'Writable.write',
      line: 337,
      method: 'write',
      native: false
    },
    {
      column: 16,
      file: 'node:internal/console/constructor',
      function: 'console.value',
      line: 305,
      method: 'value',
      native: false
    },
    {
      column: 26,
      file: 'node:internal/console/constructor',
      function: 'console.warn',
      line: 385,
      method: 'warn',
      native: false
    },
    {
      column: 13,
      file: 'file:///Users/m.salmanmalik/Development%20Projects/Shared%20Wealth%20International%20Final/wealth-pioneers-network/dist/server/server.js',
      function: null,
      line: 67,
      method: null,
      native: false
    }
  ],
  service: 'shared-wealth-api',
  version: '1.0.0',
  environment: 'development',
  timestamp: '2025-09-30 18:22:32'
}
{
  error: Error: write EPIPE
      at afterWriteDispatched (node:internal/stream_base_commons:160:15)
      at writeGeneric (node:internal/stream_base_commons:151:3)
      at Socket._writeGeneric (node:net:962:11)
      at Socket._write (node:net:974:8)
      at writeOrBuffer (node:internal/streams/writable:392:12)
      at _write (node:internal/streams/writable:333:10)
      at Writable.write (node:internal/streams/writable:337:10)
      at console.value (node:internal/console/constructor:305:16)
      at console.log (node:internal/console/constructor:380:26)
      at Server.<anonymous> (file:///Users/m.salmanmalik/Development%20Projects/Shared%20Wealth%20International%20Final/wealth-pioneers-network/dist/server/server.js:51:17) {
    errno: -32,
    code: 'EPIPE',
    syscall: 'write'
  },
  level: 'error',
  message: 'uncaughtException: write EPIPE\n' +
    'Error: write EPIPE\n' +
    '    at afterWriteDispatched (node:internal/stream_base_commons:160:15)\n' +
    '    at writeGeneric (node:internal/stream_base_commons:151:3)\n' +
    '    at Socket._writeGeneric (node:net:962:11)\n' +
    '    at Socket._write (node:net:974:8)\n' +
    '    at writeOrBuffer (node:internal/streams/writable:392:12)\n' +
    '    at _write (node:internal/streams/writable:333:10)\n' +
    '    at Writable.write (node:internal/streams/writable:337:10)\n' +
    '    at console.value (node:internal/console/constructor:305:16)\n' +
    '    at console.log (node:internal/console/constructor:380:26)\n' +
    '    at Server.<anonymous> (file:///Users/m.salmanmalik/Development%20Projects/Shared%20Wealth%20International%20Final/wealth-pioneers-network/dist/server/server.js:51:17)',
  stack: 'Error: write EPIPE\n' +
    '    at afterWriteDispatched (node:internal/stream_base_commons:160:15)\n' +
    '    at writeGeneric (node:internal/stream_base_commons:151:3)\n' +
    '    at Socket._writeGeneric (node:net:962:11)\n' +
    '    at Socket._write (node:net:974:8)\n' +
    '    at writeOrBuffer (node:internal/streams/writable:392:12)\n' +
    '    at _write (node:internal/streams/writable:333:10)\n' +
    '    at Writable.write (node:internal/streams/writable:337:10)\n' +
    '    at console.value (node:internal/console/constructor:305:16)\n' +
    '    at console.log (node:internal/console/constructor:380:26)\n' +
    '    at Server.<anonymous> (file:///Users/m.salmanmalik/Development%20Projects/Shared%20Wealth%20International%20Final/wealth-pioneers-network/dist/server/server.js:51:17)',
  exception: true,
  date: 'Tue Sep 30 2025 18:22:32 GMT+0200 (Central European Summer Time)',
  process: {
    pid: 58077,
    uid: 501,
    gid: 20,
    cwd: '/Users/m.salmanmalik/Development Projects/Shared Wealth International Final/wealth-pioneers-network',
    execPath: '/Users/m.salmanmalik/.nvm/versions/node/v18.20.8/bin/node',
    version: 'v18.20.8',
    argv: [
      '/Users/m.salmanmalik/.nvm/versions/node/v18.20.8/bin/node',
      '/Users/m.salmanmalik/Development Projects/Shared Wealth International Final/wealth-pioneers-network/dist/server/server.js'
    ],
    memoryUsage: {
      rss: 158842880,
      heapTotal: 95895552,
      heapUsed: 61977720,
      external: 3520176,
      arrayBuffers: 357095
    }
  },
  os: {
    loadavg: [ 11.4375, 11.11669921875, 10.96923828125 ],
    uptime: 2322013
  },
  trace: [
    {
      column: 15,
      file: 'node:internal/stream_base_commons',
      function: 'afterWriteDispatched',
      line: 160,
      method: null,
      native: false
    },
    {
      column: 3,
      file: 'node:internal/stream_base_commons',
      function: 'writeGeneric',
      line: 151,
      method: null,
      native: false
    },
    {
      column: 11,
      file: 'node:net',
      function: 'Socket._writeGeneric',
      line: 962,
      method: '_writeGeneric',
      native: false
    },
    {
      column: 8,
      file: 'node:net',
      function: 'Socket._write',
      line: 974,
      method: '_write',
      native: false
    },
    {
      column: 12,
      file: 'node:internal/streams/writable',
      function: 'writeOrBuffer',
      line: 392,
      method: null,
      native: false
    },
    {
      column: 10,
      file: 'node:internal/streams/writable',
      function: '_write',
      line: 333,
      method: null,
      native: false
    },
    {
      column: 10,
      file: 'node:internal/streams/writable',
      function: 'Writable.write',
      line: 337,
      method: 'write',
      native: false
    },
    {
      column: 16,
      file: 'node:internal/console/constructor',
      function: 'console.value',
      line: 305,
      method: 'value',
      native: false
    },
    {
      column: 26,
      file: 'node:internal/console/constructor',
      function: 'console.log',
      line: 380,
      method: 'log',
      native: false
    },
    {
      column: 17,
      file: 'file:///Users/m.salmanmalik/Development%20Projects/Shared%20Wealth%20International%20Final/wealth-pioneers-network/dist/server/server.js',
      function: null,
      line: 51,
      method: null,
      native: false
    }
  ],
  service: 'shared-wealth-api',
  version: '1.0.0',
  environment: 'development',
  timestamp: '2025-09-30 18:22:32'
}
{
  error: Error: write EPIPE
      at afterWriteDispatched (node:internal/stream_base_commons:160:15)
      at writeGeneric (node:internal/stream_base_commons:151:3)
      at Socket._writeGeneric (node:net:962:11)
      at Socket._write (node:net:974:8)
      at writeOrBuffer (node:internal/streams/writable:392:12)
      at _write (node:internal/streams/writable:333:10)
      at Writable.write (node:internal/streams/writable:337:10)
      at console.value (node:internal/console/constructor:305:16)
      at console.warn (node:internal/console/constructor:385:26)
      at process.<anonymous> (file:///Users/m.salmanmalik/Development%20Projects/Shared%20Wealth%20International%20Final/wealth-pioneers-network/dist/server/server.js:67:13) {
    errno: -32,
    code: 'EPIPE',
    syscall: 'write'
  },
  level: 'error',
  message: 'uncaughtException: write EPIPE\n' +
    'Error: write EPIPE\n' +
    '    at afterWriteDispatched (node:internal/stream_base_commons:160:15)\n' +
    '    at writeGeneric (node:internal/stream_base_commons:151:3)\n' +
    '    at Socket._writeGeneric (node:net:962:11)\n' +
    '    at Socket._write (node:net:974:8)\n' +
    '    at writeOrBuffer (node:internal/streams/writable:392:12)\n' +
    '    at _write (node:internal/streams/writable:333:10)\n' +
    '    at Writable.write (node:internal/streams/writable:337:10)\n' +
    '    at console.value (node:internal/console/constructor:305:16)\n' +
    '    at console.warn (node:internal/console/constructor:385:26)\n' +
    '    at process.<anonymous> (file:///Users/m.salmanmalik/Development%20Projects/Shared%20Wealth%20International%20Final/wealth-pioneers-network/dist/server/server.js:67:13)',
  stack: 'Error: write EPIPE\n' +
    '    at afterWriteDispatched (node:internal/stream_base_commons:160:15)\n' +
    '    at writeGeneric (node:internal/stream_base_commons:151:3)\n' +
    '    at Socket._writeGeneric (node:net:962:11)\n' +
    '    at Socket._write (node:net:974:8)\n' +
    '    at writeOrBuffer (node:internal/streams/writable:392:12)\n' +
    '    at _write (node:internal/streams/writable:333:10)\n' +
    '    at Writable.write (node:internal/streams/writable:337:10)\n' +
    '    at console.value (node:internal/console/constructor:305:16)\n' +
    '    at console.warn (node:internal/console/constructor:385:26)\n' +
    '    at process.<anonymous> (file:///Users/m.salmanmalik/Development%20Projects/Shared%20Wealth%20International%20Final/wealth-pioneers-network/dist/server/server.js:67:13)',
  exception: true,
  date: 'Tue Sep 30 2025 18:22:32 GMT+0200 (Central European Summer Time)',
  process: {
    pid: 58077,
    uid: 501,
    gid: 20,
    cwd: '/Users/m.salmanmalik/Development Projects/Shared Wealth International Final/wealth-pioneers-network',
    execPath: '/Users/m.salmanmalik/.nvm/versions/node/v18.20.8/bin/node',
    version: 'v18.20.8',
    argv: [
      '/Users/m.salmanmalik/.nvm/versions/node/v18.20.8/bin/node',
      '/Users/m.salmanmalik/Development Projects/Shared Wealth International Final/wealth-pioneers-network/dist/server/server.js'
    ],
    memoryUsage: {
      rss: 158892032,
      heapTotal: 95895552,
      heapUsed: 62111824,
      external: 3525403,
      arrayBuffers: 362322
    }
  },
  os: {
    loadavg: [ 11.4375, 11.11669921875, 10.96923828125 ],
    uptime: 2322013
  },
  trace: [
    {
      column: 15,
      file: 'node:internal/stream_base_commons',
      function: 'afterWriteDispatched',
      line: 160,
      method: null,
      native: false
    },
    {
      column: 3,
      file: 'node:internal/stream_base_commons',
      function: 'writeGeneric',
      line: 151,
      method: null,
      native: false
    },
    {
      column: 11,
      file: 'node:net',
      function: 'Socket._writeGeneric',
      line: 962,
      method: '_writeGeneric',
      native: false
    },
    {
      column: 8,
      file: 'node:net',
      function: 'Socket._write',
      line: 974,
      method: '_write',
      native: false
    },
    {
      column: 12,
      file: 'node:internal/streams/writable',
      function: 'writeOrBuffer',
      line: 392,
      method: null,
      native: false
    },
    {
      column: 10,
      file: 'node:internal/streams/writable',
      function: '_write',
      line: 333,
      method: null,
      native: false
    },
    {
      column: 10,
      file: 'node:internal/streams/writable',
      function: 'Writable.write',
      line: 337,
      method: 'write',
      native: false
    },
    {
      column: 16,
      file: 'node:internal/console/constructor',
      function: 'console.value',
      line: 305,
      method: 'value',
      native: false
    },
    {
      column: 26,
      file: 'node:internal/console/constructor',
      function: 'console.warn',
      line: 385,
      method: 'warn',
      native: false
    },
    {
      column: 13,
      file: 'file:///Users/m.salmanmalik/Development%20Projects/Shared%20Wealth%20International%20Final/wealth-pioneers-network/dist/server/server.js',
      function: null,
      line: 67,
      method: null,
      native: false
    }
  ],
  service: 'shared-wealth-api',
  version: '1.0.0',
  environment: 'development',
  timestamp: '2025-09-30 18:22:32'
}
